2012-05-10 14:40:12[WARN] user: dongwei
localhost:3000http://localhost:3000/mine
N+1 Query detected
  Friendship => [:user]
  Add to your finder: :include => [:user]
N+1 Query method call stack
  N+1 Query method call stack
  /Users/dongwei/Projects/patrick_ruby/app/views/mine/share/_follower_list.html.erb:5:in `block in _app_views_mine_share__follower_list_html_erb__993684145117630950_70295907498520'
  /Users/dongwei/Projects/patrick_ruby/app/views/mine/share/_follower_list.html.erb:4:in `each'
  /Users/dongwei/Projects/patrick_ruby/app/views/mine/share/_follower_list.html.erb:4:in `_app_views_mine_share__follower_list_html_erb__993684145117630950_70295907498520'
  /Users/dongwei/Projects/patrick_ruby/app/views/mine/index.html.erb:60:in `_app_views_mine_index_html_erb___665336480338543264_70295907213580'2012-05-10 14:40:12[WARN] user: dongwei
localhost:3000http://localhost:3000/mine
Unused Eager Loading detected
  Comment => [:user]
  Remove from your finder: :include => [:user]2012-05-10 17:11:08[WARN] user: dongwei
localhost:3000http://localhost:3000/mine
N+1 Query detected
  Friendship => [:user]
  Add to your finder: :include => [:user]
N+1 Query method call stack
  N+1 Query method call stack
  /Users/dongwei/Projects/patrick_ruby/app/views/mine/share/_follower_list.html.erb:5:in `block in _app_views_mine_share__follower_list_html_erb__993684145117630950_70295907498520'
  /Users/dongwei/Projects/patrick_ruby/app/views/mine/share/_follower_list.html.erb:4:in `each'
  /Users/dongwei/Projects/patrick_ruby/app/views/mine/share/_follower_list.html.erb:4:in `_app_views_mine_share__follower_list_html_erb__993684145117630950_70295907498520'
  /Users/dongwei/Projects/patrick_ruby/app/views/mine/index.html.erb:60:in `_app_views_mine_index_html_erb___665336480338543264_70295907213580'2012-05-10 17:11:08[WARN] user: dongwei
localhost:3000http://localhost:3000/mine
Unused Eager Loading detected
  Comment => [:user]
  Remove from your finder: :include => [:user]2012-05-17 15:31:12[WARN] user: dongwei
localhost:3000http://localhost:3000/settings/basic
Unused Eager Loading detected
  Users::WineCellarItem => [:wine_cellar]
  Remove from your finder: :include => [:wine_cellar]